2025-01-23 23:32:51.416 | INFO     | utils_logger:<module>:41 - Logging to file: logs/project_log.log
2025-01-23 23:32:51.416 | INFO     | __main__:main:93 - Starting CSV fetch demonstration...
2025-01-23 23:32:51.416 | INFO     | __main__:fetch_csv_file:52 - Fetching CSV data from https://raw.githubusercontent.com/MainakRepositor/Datasets/master/World%20Happiness%20Data/2020.csv...
2025-01-23 23:32:51.672 | INFO     | __main__:write_csv_file:76 - Writing CSV data to example_data/2020_happiness.csv...
2025-01-23 23:32:51.673 | INFO     | __main__:write_csv_file:80 - SUCCESS: CSV data written to example_data/2020_happiness.csv
2025-01-23 23:32:51.673 | INFO     | __main__:fetch_csv_file:56 - SUCCESS: CSV file fetched and saved as 2020_happiness.csv
2025-01-24 21:15:50.490 | INFO     | utils_logger:<module>:41 - Logging to file: logs/project_log.log
2025-01-24 21:15:50.490 | INFO     | __main__:<module>:78 - Starting CSV processing...
2025-01-24 21:15:50.491 | INFO     | __main__:process_csv_file:71 - Processed CSV file: example_data/2020_happiness.csv, Statistics saved to: example_processed/happiness_ladder_score_stats.txt
2025-01-24 21:15:50.491 | INFO     | __main__:<module>:80 - CSV processing complete.
2025-01-24 21:54:36.681 | INFO     | utils_logger:<module>:41 - Logging to file: logs/project_log.log
2025-01-24 21:54:36.681 | INFO     | __main__:main:93 - Starting CSV fetch demonstration...
2025-01-24 21:54:36.681 | INFO     | __main__:fetch_csv_file:52 - Fetching CSV data from https://data.ny.gov/api/views/d6yy-54nr/rows.csv?accessType=DOWNLOAD...
2025-01-24 21:54:37.496 | INFO     | __main__:write_csv_file:76 - Writing CSV data to gillespie_data/powerball_numbers.csv...
2025-01-24 21:54:37.498 | INFO     | __main__:write_csv_file:80 - SUCCESS: CSV data written to gillespie_data/powerball_numbers.csv
2025-01-24 21:54:37.498 | INFO     | __main__:fetch_csv_file:56 - SUCCESS: CSV file fetched and saved as powerball_numbers.csv
2025-01-24 22:06:27.011 | INFO     | utils_logger:<module>:41 - Logging to file: logs/project_log.log
2025-01-24 22:06:27.011 | INFO     | __main__:<module>:81 - Starting CSV processing...
2025-01-24 22:07:13.303 | INFO     | utils_logger:<module>:41 - Logging to file: logs/project_log.log
2025-01-24 22:07:13.303 | INFO     | __main__:<module>:81 - Starting CSV processing...
2025-01-24 22:13:33.235 | INFO     | utils_logger:<module>:41 - Logging to file: logs/project_log.log
2025-01-24 22:13:33.235 | INFO     | __main__:<module>:94 - Starting CSV processing...
2025-01-24 22:20:28.098 | INFO     | utils_logger:<module>:41 - Logging to file: logs/project_log.log
2025-01-24 22:20:28.098 | INFO     | __main__:<module>:101 - Starting CSV processing...
2025-01-24 22:20:29.809 | INFO     | __main__:process_csv_file:94 - Processed CSV file: gillespie_data/powerball_numbers.csv, Statistics saved to: gillespie_processed/powerball_stats.txt
2025-01-24 22:20:29.809 | INFO     | __main__:<module>:103 - CSV processing complete.
2025-01-24 22:21:24.844 | INFO     | utils_logger:<module>:41 - Logging to file: logs/project_log.log
2025-01-24 22:21:24.845 | INFO     | __main__:<module>:102 - Starting CSV processing...
2025-01-24 22:21:24.847 | INFO     | __main__:process_csv_file:95 - Processed CSV file: gillespie_data/powerball_numbers.csv, Statistics saved to: gillespie_processed/powerball_stats.txt
2025-01-24 22:21:24.848 | INFO     | __main__:<module>:104 - CSV processing complete.
2025-01-24 22:23:29.061 | INFO     | utils_logger:<module>:41 - Logging to file: logs/project_log.log
2025-01-24 22:23:29.062 | INFO     | __main__:<module>:102 - Starting CSV processing...
2025-01-24 22:23:29.064 | INFO     | __main__:process_csv_file:95 - Processed CSV file: gillespie_data/powerball_numbers.csv, Statistics saved to: gillespie_processed/powerball_stats.txt
2025-01-24 22:23:29.064 | INFO     | __main__:<module>:104 - CSV processing complete.
2025-01-24 22:23:44.301 | INFO     | utils_logger:<module>:41 - Logging to file: logs/project_log.log
2025-01-24 22:23:44.301 | INFO     | __main__:<module>:102 - Starting CSV processing...
2025-01-24 22:23:44.304 | INFO     | __main__:process_csv_file:95 - Processed CSV file: gillespie_data/powerball_numbers.csv, Statistics saved to: gillespie_processed/powerball_stats.txt
2025-01-24 22:23:44.304 | INFO     | __main__:<module>:104 - CSV processing complete.
2025-01-25 09:23:01.263 | INFO     | utils_logger:<module>:41 - Logging to file: logs/project_log.log
2025-01-25 09:23:01.263 | INFO     | __main__:main:93 - Starting Excel fetch demonstration...
2025-01-25 09:23:01.263 | INFO     | __main__:fetch_excel_file:52 - Fetching Excel data from https://raw.githubusercontent.com/denisecase/datafun-03-analytics/main/hosted/Feedback.xlsx...
2025-01-25 09:23:01.796 | INFO     | __main__:write_excel_file:76 - Writing Excel data to example_data/feedback.xlsx...
2025-01-25 09:23:01.797 | INFO     | __main__:write_excel_file:80 - SUCCESS: Excel data written to example_data/feedback.xlsx
2025-01-25 09:23:01.798 | INFO     | __main__:fetch_excel_file:56 - SUCCESS: Excel file fetched and saved as feedback.xlsx
2025-01-25 09:25:23.746 | INFO     | utils_logger:<module>:41 - Logging to file: logs/project_log.log
2025-01-25 09:25:23.747 | INFO     | __main__:<module>:61 - Starting Excel processing...
2025-01-25 09:25:23.754 | INFO     | __main__:process_excel_file:54 - Processed Excel file: example_data/feedback.xlsx, Word count saved to: example_processed/excel_feedback_github_count.txt
2025-01-25 09:25:23.754 | INFO     | __main__:<module>:63 - Excel processing complete.
2025-01-25 09:35:38.155 | INFO     | utils_logger:<module>:41 - Logging to file: logs/project_log.log
2025-01-25 09:35:38.155 | INFO     | __main__:main:92 - Starting Excel fetch...
2025-01-25 09:35:38.155 | INFO     | __main__:fetch_excel_file:51 - Fetching Excel data from https://github.com/aarongilly/datafun-03/raw/refs/heads/main/NCAA_Mens_Basketball_Championship_History.xlsx...
2025-01-25 09:35:39.052 | INFO     | __main__:write_excel_file:75 - Writing Excel data to gillespie_data/basketball.xlsx...
2025-01-25 09:35:39.053 | INFO     | __main__:write_excel_file:79 - SUCCESS: Excel data written to gillespie_data/basketball.xlsx
2025-01-25 09:35:39.054 | INFO     | __main__:fetch_excel_file:55 - SUCCESS: Excel file fetched and saved as basketball.xlsx
2025-01-25 09:47:59.389 | INFO     | utils_logger:<module>:41 - Logging to file: logs/project_log.log
2025-01-25 09:47:59.389 | INFO     | __main__:<module>:65 - Starting Excel processing...
2025-01-25 09:49:23.305 | INFO     | utils_logger:<module>:41 - Logging to file: logs/project_log.log
2025-01-25 09:49:23.305 | INFO     | __main__:<module>:69 - Starting Excel processing...
2025-01-25 09:51:57.021 | INFO     | utils_logger:<module>:41 - Logging to file: logs/project_log.log
2025-01-25 09:51:57.022 | INFO     | __main__:<module>:69 - Starting Excel processing...
2025-01-25 09:52:25.475 | INFO     | utils_logger:<module>:41 - Logging to file: logs/project_log.log
2025-01-25 09:52:25.475 | INFO     | __main__:<module>:70 - Starting Excel processing...
2025-01-25 09:52:38.248 | INFO     | utils_logger:<module>:41 - Logging to file: logs/project_log.log
2025-01-25 09:52:38.248 | INFO     | __main__:<module>:70 - Starting Excel processing...
2025-01-25 09:53:06.942 | INFO     | utils_logger:<module>:41 - Logging to file: logs/project_log.log
2025-01-25 09:53:06.942 | INFO     | __main__:<module>:70 - Starting Excel processing...
2025-01-25 09:53:52.002 | INFO     | utils_logger:<module>:41 - Logging to file: logs/project_log.log
2025-01-25 09:53:52.002 | INFO     | __main__:<module>:70 - Starting Excel processing...
2025-01-25 09:56:11.489 | INFO     | utils_logger:<module>:41 - Logging to file: logs/project_log.log
2025-01-25 09:56:11.490 | INFO     | __main__:<module>:78 - Starting Excel processing...
2025-01-25 09:59:31.213 | INFO     | utils_logger:<module>:41 - Logging to file: logs/project_log.log
2025-01-25 09:59:31.213 | INFO     | __main__:<module>:80 - Starting Excel processing...
2025-01-25 09:59:32.310 | INFO     | __main__:process_excel_file:73 - Processed Excel file: gillespie_data/basketball.xlsx, Word count saved to: gillespie_processed/excel_feedback_github_count.txt
2025-01-25 09:59:32.311 | INFO     | __main__:<module>:82 - Excel processing complete.
2025-01-25 10:00:02.751 | INFO     | utils_logger:<module>:41 - Logging to file: logs/project_log.log
2025-01-25 10:00:02.751 | INFO     | __main__:<module>:80 - Starting Excel processing...
2025-01-25 10:00:03.691 | INFO     | __main__:process_excel_file:73 - Processed Excel file: gillespie_data/basketball.xlsx, Word count saved to: gillespie_processed/excel_feedback_github_count.txt
2025-01-25 10:00:03.692 | INFO     | __main__:<module>:82 - Excel processing complete.
2025-01-25 10:00:51.135 | INFO     | utils_logger:<module>:41 - Logging to file: logs/project_log.log
2025-01-25 10:00:51.135 | INFO     | __main__:<module>:79 - Starting Excel processing...
2025-01-25 10:00:51.139 | INFO     | __main__:process_excel_file:72 - Processed Excel file: gillespie_data/basketball.xlsx, Word count saved to: gillespie_processed/excel_feedback_github_count.txt
2025-01-25 10:00:51.139 | INFO     | __main__:<module>:81 - Excel processing complete.
